<?xml version="1.0" encoding="UTF-8"?>
<robot generator="Robot 5.0.1 (Python 3.8.9 on darwin)" generated="20220815 01:14:29.922" rpa="false" schemaversion="3">
<suite id="s1" name="Register" source="/Users/macbook/Documents/Hunter/Document/Coding/Signant Health Assignment/Flasky-master/tests/uiTests/tests/register.robot">
<test id="s1-t1" name="Register through web portal" line="8">
<kw name="Begin Web Test" library="common" type="SETUP">
<kw name="Open Browser" library="SeleniumLibrary">
<arg>${WEBSITE}</arg>
<arg>${BROWSER}</arg>
<doc>Opens a new browser instance to the optional ``url``.</doc>
<msg timestamp="20220815 01:14:29.989" level="INFO">Opening browser 'chrome' to base url 'http://10.0.0.7:8080/'.</msg>
<status status="PASS" starttime="20220815 01:14:29.989" endtime="20220815 01:14:31.385"/>
</kw>
<status status="PASS" starttime="20220815 01:14:29.988" endtime="20220815 01:14:31.385"/>
</kw>
<kw name="Generate Random String" library="String">
<var>${RANDOM_TEXT}</var>
<arg>9</arg>
<arg>[LETTERS]</arg>
<doc>Generates a string with a desired ``length`` from the given ``chars``.</doc>
<msg timestamp="20220815 01:14:31.385" level="INFO">${RANDOM_TEXT} = LaFcfoOYp</msg>
<status status="PASS" starttime="20220815 01:14:31.385" endtime="20220815 01:14:31.385"/>
</kw>
<kw name="Register New User From Frontpage" library="common">
<arg>${RANDOM_TEXT}</arg>
<kw name="Click Link" library="SeleniumLibrary">
<arg>link:Register</arg>
<doc>Clicks a link identified by ``locator``.</doc>
<msg timestamp="20220815 01:14:31.386" level="INFO">Clicking link 'link:Register'.</msg>
<status status="PASS" starttime="20220815 01:14:31.386" endtime="20220815 01:14:31.478"/>
</kw>
<kw name="Wait Until Page Contains Element" library="SeleniumLibrary">
<arg>//input[@value='Register']</arg>
<doc>Waits until the element ``locator`` appears on the current page.</doc>
<status status="PASS" starttime="20220815 01:14:31.478" endtime="20220815 01:14:31.484"/>
</kw>
<kw name="Input Text" library="SeleniumLibrary">
<arg>//input[@id='username']</arg>
<arg>${SIGNUP_TEXT}</arg>
<doc>Types the given ``text`` into the text field identified by ``locator``.</doc>
<msg timestamp="20220815 01:14:31.484" level="INFO">Typing text 'LaFcfoOYp' into text field '//input[@id='username']'.</msg>
<status status="PASS" starttime="20220815 01:14:31.484" endtime="20220815 01:14:31.535"/>
</kw>
<kw name="Input Text" library="SeleniumLibrary">
<arg>//input[@id='password']</arg>
<arg>${SIGNUP_TEXT}</arg>
<doc>Types the given ``text`` into the text field identified by ``locator``.</doc>
<msg timestamp="20220815 01:14:31.535" level="INFO">Typing text 'LaFcfoOYp' into text field '//input[@id='password']'.</msg>
<status status="PASS" starttime="20220815 01:14:31.535" endtime="20220815 01:14:31.568"/>
</kw>
<kw name="Input Text" library="SeleniumLibrary">
<arg>//input[@id='firstname']</arg>
<arg>${SIGNUP_TEXT}</arg>
<doc>Types the given ``text`` into the text field identified by ``locator``.</doc>
<msg timestamp="20220815 01:14:31.569" level="INFO">Typing text 'LaFcfoOYp' into text field '//input[@id='firstname']'.</msg>
<status status="PASS" starttime="20220815 01:14:31.568" endtime="20220815 01:14:31.603"/>
</kw>
<kw name="Input Text" library="SeleniumLibrary">
<arg>//input[@id='lastname']</arg>
<arg>${SIGNUP_TEXT}</arg>
<doc>Types the given ``text`` into the text field identified by ``locator``.</doc>
<msg timestamp="20220815 01:14:31.604" level="INFO">Typing text 'LaFcfoOYp' into text field '//input[@id='lastname']'.</msg>
<status status="PASS" starttime="20220815 01:14:31.603" endtime="20220815 01:14:31.635"/>
</kw>
<kw name="Input Text" library="SeleniumLibrary">
<arg>//input[@id='phone']</arg>
<arg>${SIGNUP_TEXT}</arg>
<doc>Types the given ``text`` into the text field identified by ``locator``.</doc>
<msg timestamp="20220815 01:14:31.636" level="INFO">Typing text 'LaFcfoOYp' into text field '//input[@id='phone']'.</msg>
<status status="PASS" starttime="20220815 01:14:31.635" endtime="20220815 01:14:31.666"/>
</kw>
<kw name="Click Button" library="SeleniumLibrary">
<arg>Register</arg>
<doc>Clicks the button identified by ``locator``.</doc>
<msg timestamp="20220815 01:14:31.666" level="INFO">Clicking button 'Register'.</msg>
<status status="PASS" starttime="20220815 01:14:31.666" endtime="20220815 01:14:31.766"/>
</kw>
<status status="PASS" starttime="20220815 01:14:31.386" endtime="20220815 01:14:31.766"/>
</kw>
<kw name="Login From Front Page" library="common">
<arg>${RANDOM_TEXT}</arg>
<arg>${RANDOM_TEXT}</arg>
<kw name="Click Link" library="SeleniumLibrary">
<arg>link:Log In</arg>
<doc>Clicks a link identified by ``locator``.</doc>
<msg timestamp="20220815 01:14:31.767" level="INFO">Clicking link 'link:Log In'.</msg>
<status status="PASS" starttime="20220815 01:14:31.766" endtime="20220815 01:14:31.801"/>
</kw>
<kw name="Wait Until Page Contains Element" library="SeleniumLibrary">
<arg>//input[@value='Log In']</arg>
<doc>Waits until the element ``locator`` appears on the current page.</doc>
<status status="PASS" starttime="20220815 01:14:31.801" endtime="20220815 01:14:31.806"/>
</kw>
<kw name="Input Text" library="SeleniumLibrary">
<arg>//input[@id='username']</arg>
<arg>${USERNAME}</arg>
<doc>Types the given ``text`` into the text field identified by ``locator``.</doc>
<msg timestamp="20220815 01:14:31.806" level="INFO">Typing text 'LaFcfoOYp' into text field '//input[@id='username']'.</msg>
<status status="PASS" starttime="20220815 01:14:31.806" endtime="20220815 01:14:31.844"/>
</kw>
<kw name="Input Text" library="SeleniumLibrary">
<arg>//input[@id='password']</arg>
<arg>${PASSWORD}</arg>
<doc>Types the given ``text`` into the text field identified by ``locator``.</doc>
<msg timestamp="20220815 01:14:31.844" level="INFO">Typing text 'LaFcfoOYp' into text field '//input[@id='password']'.</msg>
<status status="PASS" starttime="20220815 01:14:31.844" endtime="20220815 01:14:31.879"/>
</kw>
<kw name="Click Button" library="SeleniumLibrary">
<arg>Log In</arg>
<doc>Clicks the button identified by ``locator``.</doc>
<msg timestamp="20220815 01:14:31.880" level="INFO">Clicking button 'Log In'.</msg>
<status status="PASS" starttime="20220815 01:14:31.879" endtime="20220815 01:14:31.986"/>
</kw>
<status status="PASS" starttime="20220815 01:14:31.766" endtime="20220815 01:14:31.986"/>
</kw>
<kw name="Wait Until Page Contains" library="SeleniumLibrary">
<arg>User Information</arg>
<doc>Waits until ``text`` appears on the current page.</doc>
<status status="PASS" starttime="20220815 01:14:31.986" endtime="20220815 01:14:31.993"/>
</kw>
<kw name="End Web Test" library="common" type="TEARDOWN">
<kw name="Close All Browsers" library="SeleniumLibrary">
<doc>Closes all open browsers and resets the browser cache.</doc>
<status status="PASS" starttime="20220815 01:14:31.993" endtime="20220815 01:14:32.051"/>
</kw>
<status status="PASS" starttime="20220815 01:14:31.993" endtime="20220815 01:14:32.052"/>
</kw>
<doc>Tests that UI user can register through web portal.</doc>
<status status="PASS" starttime="20220815 01:14:29.988" endtime="20220815 01:14:32.052"/>
</test>
<doc>This file contains test for the registering workflow.</doc>
<status status="PASS" starttime="20220815 01:14:29.923" endtime="20220815 01:14:32.052"/>
</suite>
<statistics>
<total>
<stat pass="1" fail="0" skip="0">All Tests</stat>
</total>
<tag>
</tag>
<suite>
<stat pass="1" fail="0" skip="0" id="s1" name="Register">Register</stat>
</suite>
</statistics>
<errors>
</errors>
</robot>
